[09-Sep-2018 12:45:34 UTC] PHP Warning:  require(../mysqli_connect.php): failed to open stream: No such file or directory in /home/ubuntu/workspace/Lab2/view_users.php on line 10
[09-Sep-2018 12:45:34 UTC] PHP Stack trace:
[09-Sep-2018 12:45:34 UTC] PHP   1. {main}() /home/ubuntu/workspace/Lab2/view_users.php:0
[09-Sep-2018 12:45:34 UTC] PHP Fatal error:  require(): Failed opening required '../mysqli_connect.php' (include_path='.:/usr/share/php:/usr/share/pear') in /home/ubuntu/workspace/Lab2/view_users.php on line 10
[09-Sep-2018 12:45:34 UTC] PHP Stack trace:
[09-Sep-2018 12:45:34 UTC] PHP   1. {main}() /home/ubuntu/workspace/Lab2/view_users.php:0
[09-Sep-2018 12:56:32 UTC] PHP Warning:  require(../mysqli_connect.php): failed to open stream: No such file or directory in /home/ubuntu/workspace/Lab2/view_users.php on line 10
[09-Sep-2018 12:56:32 UTC] PHP Stack trace:
[09-Sep-2018 12:56:32 UTC] PHP   1. {main}() /home/ubuntu/workspace/Lab2/view_users.php:0
[09-Sep-2018 12:56:32 UTC] PHP Fatal error:  require(): Failed opening required '../mysqli_connect.php' (include_path='.:/usr/share/php:/usr/share/pear') in /home/ubuntu/workspace/Lab2/view_users.php on line 10
[09-Sep-2018 12:56:32 UTC] PHP Stack trace:
[09-Sep-2018 12:56:32 UTC] PHP   1. {main}() /home/ubuntu/workspace/Lab2/view_users.php:0
[09-Sep-2018 12:56:42 UTC] PHP Warning:  require(../mysqli_connect.php): failed to open stream: No such file or directory in /home/ubuntu/workspace/Lab2/view_users.php on line 10
[09-Sep-2018 12:56:42 UTC] PHP Stack trace:
[09-Sep-2018 12:56:42 UTC] PHP   1. {main}() /home/ubuntu/workspace/Lab2/view_users.php:0
[09-Sep-2018 12:56:42 UTC] PHP Fatal error:  require(): Failed opening required '../mysqli_connect.php' (include_path='.:/usr/share/php:/usr/share/pear') in /home/ubuntu/workspace/Lab2/view_users.php on line 10
[09-Sep-2018 12:56:42 UTC] PHP Stack trace:
[09-Sep-2018 12:56:42 UTC] PHP   1. {main}() /home/ubuntu/workspace/Lab2/view_users.php:0
[01-Nov-2018 20:12:19 UTC] PHP Warning:  mysqli_num_rows() expects parameter 1 to be mysqli_result, boolean given in /home/ubuntu/workspace/Mid Term/Technicians.php on line 20
[01-Nov-2018 20:12:19 UTC] PHP Stack trace:
[01-Nov-2018 20:12:19 UTC] PHP   1. {main}() /home/ubuntu/workspace/Mid Term/Technicians.php:0
[01-Nov-2018 20:12:19 UTC] PHP   2. mysqli_num_rows() /home/ubuntu/workspace/Mid Term/Technicians.php:20
[01-Nov-2018 20:12:21 UTC] PHP Warning:  mysqli_num_rows() expects parameter 1 to be mysqli_result, boolean given in /home/ubuntu/workspace/Mid Term/Technicians.php on line 20
[01-Nov-2018 20:12:21 UTC] PHP Stack trace:
[01-Nov-2018 20:12:21 UTC] PHP   1. {main}() /home/ubuntu/workspace/Mid Term/Technicians.php:0
[01-Nov-2018 20:12:21 UTC] PHP   2. mysqli_num_rows() /home/ubuntu/workspace/Mid Term/Technicians.php:20
[01-Nov-2018 20:26:06 UTC] PHP Warning:  mysqli_num_rows() expects parameter 1 to be mysqli_result, boolean given in /home/ubuntu/workspace/Mid Term/Technicians.php on line 20
[01-Nov-2018 20:26:06 UTC] PHP Stack trace:
[01-Nov-2018 20:26:06 UTC] PHP   1. {main}() /home/ubuntu/workspace/Mid Term/Technicians.php:0
[01-Nov-2018 20:26:06 UTC] PHP   2. mysqli_num_rows() /home/ubuntu/workspace/Mid Term/Technicians.php:20
[01-Nov-2018 20:28:43 UTC] PHP Warning:  mysqli_num_rows() expects parameter 1 to be mysqli_result, boolean given in /home/ubuntu/workspace/Mid Term/customers.php on line 17
[01-Nov-2018 20:28:43 UTC] PHP Stack trace:
[01-Nov-2018 20:28:43 UTC] PHP   1. {main}() /home/ubuntu/workspace/Mid Term/customers.php:0
[01-Nov-2018 20:28:43 UTC] PHP   2. mysqli_num_rows() /home/ubuntu/workspace/Mid Term/customers.php:17
[01-Nov-2018 20:28:44 UTC] PHP Warning:  mysqli_num_rows() expects parameter 1 to be mysqli_result, boolean given in /home/ubuntu/workspace/Mid Term/Technicians.php on line 20
[01-Nov-2018 20:28:44 UTC] PHP Stack trace:
[01-Nov-2018 20:28:44 UTC] PHP   1. {main}() /home/ubuntu/workspace/Mid Term/Technicians.php:0
[01-Nov-2018 20:28:44 UTC] PHP   2. mysqli_num_rows() /home/ubuntu/workspace/Mid Term/Technicians.php:20
[01-Nov-2018 20:28:45 UTC] PHP Warning:  mysqli_num_rows() expects parameter 1 to be mysqli_result, boolean given in /home/ubuntu/workspace/Mid Term/customers.php on line 17
[01-Nov-2018 20:28:45 UTC] PHP Stack trace:
[01-Nov-2018 20:28:45 UTC] PHP   1. {main}() /home/ubuntu/workspace/Mid Term/customers.php:0
[01-Nov-2018 20:28:45 UTC] PHP   2. mysqli_num_rows() /home/ubuntu/workspace/Mid Term/customers.php:17
[01-Nov-2018 20:32:40 UTC] PHP Warning:  mysqli_fetch_array() expects parameter 1 to be mysqli_result, boolean given in /home/ubuntu/workspace/Mid Term/customers.php on line 79
[01-Nov-2018 20:32:40 UTC] PHP Stack trace:
[01-Nov-2018 20:32:40 UTC] PHP   1. {main}() /home/ubuntu/workspace/Mid Term/customers.php:0
[01-Nov-2018 20:32:40 UTC] PHP   2. mysqli_fetch_array() /home/ubuntu/workspace/Mid Term/customers.php:79
[01-Nov-2018 20:32:40 UTC] PHP Warning:  mysqli_free_result() expects parameter 1 to be mysqli_result, boolean given in /home/ubuntu/workspace/Mid Term/customers.php on line 92
[01-Nov-2018 20:32:40 UTC] PHP Stack trace:
[01-Nov-2018 20:32:40 UTC] PHP   1. {main}() /home/ubuntu/workspace/Mid Term/customers.php:0
[01-Nov-2018 20:32:40 UTC] PHP   2. mysqli_free_result() /home/ubuntu/workspace/Mid Term/customers.php:92
[01-Nov-2018 20:32:53 UTC] PHP Warning:  mysqli_fetch_array() expects parameter 1 to be mysqli_result, boolean given in /home/ubuntu/workspace/Mid Term/customers.php on line 79
[01-Nov-2018 20:32:53 UTC] PHP Stack trace:
[01-Nov-2018 20:32:53 UTC] PHP   1. {main}() /home/ubuntu/workspace/Mid Term/customers.php:0
[01-Nov-2018 20:32:53 UTC] PHP   2. mysqli_fetch_array() /home/ubuntu/workspace/Mid Term/customers.php:79
[01-Nov-2018 20:32:53 UTC] PHP Warning:  mysqli_free_result() expects parameter 1 to be mysqli_result, boolean given in /home/ubuntu/workspace/Mid Term/customers.php on line 92
[01-Nov-2018 20:32:53 UTC] PHP Stack trace:
[01-Nov-2018 20:32:53 UTC] PHP   1. {main}() /home/ubuntu/workspace/Mid Term/customers.php:0
[01-Nov-2018 20:32:53 UTC] PHP   2. mysqli_free_result() /home/ubuntu/workspace/Mid Term/customers.php:92
[01-Nov-2018 20:33:31 UTC] PHP Warning:  mysqli_fetch_array() expects parameter 1 to be mysqli_result, boolean given in /home/ubuntu/workspace/Mid Term/customers.php on line 79
[01-Nov-2018 20:33:31 UTC] PHP Stack trace:
[01-Nov-2018 20:33:31 UTC] PHP   1. {main}() /home/ubuntu/workspace/Mid Term/customers.php:0
[01-Nov-2018 20:33:31 UTC] PHP   2. mysqli_fetch_array() /home/ubuntu/workspace/Mid Term/customers.php:79
[01-Nov-2018 20:33:31 UTC] PHP Warning:  mysqli_free_result() expects parameter 1 to be mysqli_result, boolean given in /home/ubuntu/workspace/Mid Term/customers.php on line 92
[01-Nov-2018 20:33:31 UTC] PHP Stack trace:
[01-Nov-2018 20:33:31 UTC] PHP   1. {main}() /home/ubuntu/workspace/Mid Term/customers.php:0
[01-Nov-2018 20:33:31 UTC] PHP   2. mysqli_free_result() /home/ubuntu/workspace/Mid Term/customers.php:92
[01-Nov-2018 20:33:34 UTC] PHP Warning:  mysqli_fetch_array() expects parameter 1 to be mysqli_result, boolean given in /home/ubuntu/workspace/Mid Term/customers.php on line 79
[01-Nov-2018 20:33:34 UTC] PHP Stack trace:
[01-Nov-2018 20:33:34 UTC] PHP   1. {main}() /home/ubuntu/workspace/Mid Term/customers.php:0
[01-Nov-2018 20:33:34 UTC] PHP   2. mysqli_fetch_array() /home/ubuntu/workspace/Mid Term/customers.php:79
[01-Nov-2018 20:33:34 UTC] PHP Warning:  mysqli_free_result() expects parameter 1 to be mysqli_result, boolean given in /home/ubuntu/workspace/Mid Term/customers.php on line 92
[01-Nov-2018 20:33:34 UTC] PHP Stack trace:
[01-Nov-2018 20:33:34 UTC] PHP   1. {main}() /home/ubuntu/workspace/Mid Term/customers.php:0
[01-Nov-2018 20:33:34 UTC] PHP   2. mysqli_free_result() /home/ubuntu/workspace/Mid Term/customers.php:92
[01-Nov-2018 20:36:05 UTC] PHP Warning:  mysqli_fetch_array() expects parameter 1 to be mysqli_result, boolean given in /home/ubuntu/workspace/Mid Term/customers.php on line 81
[01-Nov-2018 20:36:05 UTC] PHP Stack trace:
[01-Nov-2018 20:36:05 UTC] PHP   1. {main}() /home/ubuntu/workspace/Mid Term/customers.php:0
[01-Nov-2018 20:36:05 UTC] PHP   2. mysqli_fetch_array() /home/ubuntu/workspace/Mid Term/customers.php:81
[01-Nov-2018 20:36:05 UTC] PHP Warning:  mysqli_free_result() expects parameter 1 to be mysqli_result, boolean given in /home/ubuntu/workspace/Mid Term/customers.php on line 94
[01-Nov-2018 20:36:05 UTC] PHP Stack trace:
[01-Nov-2018 20:36:05 UTC] PHP   1. {main}() /home/ubuntu/workspace/Mid Term/customers.php:0
[01-Nov-2018 20:36:05 UTC] PHP   2. mysqli_free_result() /home/ubuntu/workspace/Mid Term/customers.php:94
[01-Nov-2018 20:45:28 UTC] PHP Warning:  mysqli_fetch_array() expects parameter 1 to be mysqli_result, boolean given in /home/ubuntu/workspace/Mid Term/customers.php on line 81
[01-Nov-2018 20:45:28 UTC] PHP Stack trace:
[01-Nov-2018 20:45:28 UTC] PHP   1. {main}() /home/ubuntu/workspace/Mid Term/customers.php:0
[01-Nov-2018 20:45:28 UTC] PHP   2. mysqli_fetch_array() /home/ubuntu/workspace/Mid Term/customers.php:81
[01-Nov-2018 20:45:28 UTC] PHP Warning:  mysqli_free_result() expects parameter 1 to be mysqli_result, boolean given in /home/ubuntu/workspace/Mid Term/customers.php on line 94
[01-Nov-2018 20:45:28 UTC] PHP Stack trace:
[01-Nov-2018 20:45:28 UTC] PHP   1. {main}() /home/ubuntu/workspace/Mid Term/customers.php:0
[01-Nov-2018 20:45:28 UTC] PHP   2. mysqli_free_result() /home/ubuntu/workspace/Mid Term/customers.php:94
[01-Nov-2018 20:49:36 UTC] PHP Warning:  mysqli_fetch_array() expects parameter 1 to be mysqli_result, boolean given in /home/ubuntu/workspace/Mid Term/customers.php on line 81
[01-Nov-2018 20:49:36 UTC] PHP Stack trace:
[01-Nov-2018 20:49:36 UTC] PHP   1. {main}() /home/ubuntu/workspace/Mid Term/customers.php:0
[01-Nov-2018 20:49:36 UTC] PHP   2. mysqli_fetch_array() /home/ubuntu/workspace/Mid Term/customers.php:81
[01-Nov-2018 20:49:36 UTC] PHP Warning:  mysqli_free_result() expects parameter 1 to be mysqli_result, boolean given in /home/ubuntu/workspace/Mid Term/customers.php on line 94
[01-Nov-2018 20:49:36 UTC] PHP Stack trace:
[01-Nov-2018 20:49:36 UTC] PHP   1. {main}() /home/ubuntu/workspace/Mid Term/customers.php:0
[01-Nov-2018 20:49:36 UTC] PHP   2. mysqli_free_result() /home/ubuntu/workspace/Mid Term/customers.php:94
[01-Nov-2018 20:49:38 UTC] PHP Warning:  mysqli_fetch_array() expects parameter 1 to be mysqli_result, boolean given in /home/ubuntu/workspace/Mid Term/customers.php on line 81
[01-Nov-2018 20:49:38 UTC] PHP Stack trace:
[01-Nov-2018 20:49:38 UTC] PHP   1. {main}() /home/ubuntu/workspace/Mid Term/customers.php:0
[01-Nov-2018 20:49:38 UTC] PHP   2. mysqli_fetch_array() /home/ubuntu/workspace/Mid Term/customers.php:81
[01-Nov-2018 20:49:38 UTC] PHP Warning:  mysqli_free_result() expects parameter 1 to be mysqli_result, boolean given in /home/ubuntu/workspace/Mid Term/customers.php on line 94
[01-Nov-2018 20:49:38 UTC] PHP Stack trace:
[01-Nov-2018 20:49:38 UTC] PHP   1. {main}() /home/ubuntu/workspace/Mid Term/customers.php:0
[01-Nov-2018 20:49:38 UTC] PHP   2. mysqli_free_result() /home/ubuntu/workspace/Mid Term/customers.php:94
[01-Nov-2018 20:49:41 UTC] PHP Warning:  mysqli_fetch_array() expects parameter 1 to be mysqli_result, boolean given in /home/ubuntu/workspace/Mid Term/customers.php on line 81
[01-Nov-2018 20:49:41 UTC] PHP Stack trace:
[01-Nov-2018 20:49:41 UTC] PHP   1. {main}() /home/ubuntu/workspace/Mid Term/customers.php:0
[01-Nov-2018 20:49:41 UTC] PHP   2. mysqli_fetch_array() /home/ubuntu/workspace/Mid Term/customers.php:81
[01-Nov-2018 20:49:41 UTC] PHP Warning:  mysqli_free_result() expects parameter 1 to be mysqli_result, boolean given in /home/ubuntu/workspace/Mid Term/customers.php on line 94
[01-Nov-2018 20:49:41 UTC] PHP Stack trace:
[01-Nov-2018 20:49:41 UTC] PHP   1. {main}() /home/ubuntu/workspace/Mid Term/customers.php:0
[01-Nov-2018 20:49:41 UTC] PHP   2. mysqli_free_result() /home/ubuntu/workspace/Mid Term/customers.php:94
[01-Nov-2018 20:50:47 UTC] PHP Warning:  mysqli_fetch_array() expects parameter 1 to be mysqli_result, boolean given in /home/ubuntu/workspace/Mid Term/customers.php on line 81
[01-Nov-2018 20:50:47 UTC] PHP Stack trace:
[01-Nov-2018 20:50:47 UTC] PHP   1. {main}() /home/ubuntu/workspace/Mid Term/customers.php:0
[01-Nov-2018 20:50:47 UTC] PHP   2. mysqli_fetch_array() /home/ubuntu/workspace/Mid Term/customers.php:81
[01-Nov-2018 20:50:47 UTC] PHP Warning:  mysqli_free_result() expects parameter 1 to be mysqli_result, boolean given in /home/ubuntu/workspace/Mid Term/customers.php on line 94
[01-Nov-2018 20:50:47 UTC] PHP Stack trace:
[01-Nov-2018 20:50:47 UTC] PHP   1. {main}() /home/ubuntu/workspace/Mid Term/customers.php:0
[01-Nov-2018 20:50:47 UTC] PHP   2. mysqli_free_result() /home/ubuntu/workspace/Mid Term/customers.php:94
[01-Nov-2018 20:51:12 UTC] PHP Warning:  mysqli_fetch_array() expects parameter 1 to be mysqli_result, boolean given in /home/ubuntu/workspace/Mid Term/customers.php on line 63
[01-Nov-2018 20:51:12 UTC] PHP Stack trace:
[01-Nov-2018 20:51:12 UTC] PHP   1. {main}() /home/ubuntu/workspace/Mid Term/customers.php:0
[01-Nov-2018 20:51:12 UTC] PHP   2. mysqli_fetch_array() /home/ubuntu/workspace/Mid Term/customers.php:63
[01-Nov-2018 20:51:12 UTC] PHP Warning:  mysqli_free_result() expects parameter 1 to be mysqli_result, boolean given in /home/ubuntu/workspace/Mid Term/customers.php on line 76
[01-Nov-2018 20:51:12 UTC] PHP Stack trace:
[01-Nov-2018 20:51:12 UTC] PHP   1. {main}() /home/ubuntu/workspace/Mid Term/customers.php:0
[01-Nov-2018 20:51:12 UTC] PHP   2. mysqli_free_result() /home/ubuntu/workspace/Mid Term/customers.php:76
[01-Nov-2018 20:54:12 UTC] PHP Warning:  mysqli_fetch_array() expects parameter 1 to be mysqli_result, boolean given in /home/ubuntu/workspace/Mid Term/customers.php on line 55
[01-Nov-2018 20:54:12 UTC] PHP Stack trace:
[01-Nov-2018 20:54:12 UTC] PHP   1. {main}() /home/ubuntu/workspace/Mid Term/customers.php:0
[01-Nov-2018 20:54:12 UTC] PHP   2. mysqli_fetch_array() /home/ubuntu/workspace/Mid Term/customers.php:55
[01-Nov-2018 20:54:12 UTC] PHP Warning:  mysqli_free_result() expects parameter 1 to be mysqli_result, boolean given in /home/ubuntu/workspace/Mid Term/customers.php on line 68
[01-Nov-2018 20:54:12 UTC] PHP Stack trace:
[01-Nov-2018 20:54:12 UTC] PHP   1. {main}() /home/ubuntu/workspace/Mid Term/customers.php:0
[01-Nov-2018 20:54:12 UTC] PHP   2. mysqli_free_result() /home/ubuntu/workspace/Mid Term/customers.php:68
[01-Nov-2018 20:55:08 UTC] PHP Warning:  mysqli_fetch_array() expects parameter 1 to be mysqli_result, boolean given in /home/ubuntu/workspace/Mid Term/customers.php on line 55
[01-Nov-2018 20:55:08 UTC] PHP Stack trace:
[01-Nov-2018 20:55:08 UTC] PHP   1. {main}() /home/ubuntu/workspace/Mid Term/customers.php:0
[01-Nov-2018 20:55:08 UTC] PHP   2. mysqli_fetch_array() /home/ubuntu/workspace/Mid Term/customers.php:55
[01-Nov-2018 20:55:08 UTC] PHP Warning:  mysqli_free_result() expects parameter 1 to be mysqli_result, boolean given in /home/ubuntu/workspace/Mid Term/customers.php on line 68
[01-Nov-2018 20:55:08 UTC] PHP Stack trace:
[01-Nov-2018 20:55:08 UTC] PHP   1. {main}() /home/ubuntu/workspace/Mid Term/customers.php:0
[01-Nov-2018 20:55:08 UTC] PHP   2. mysqli_free_result() /home/ubuntu/workspace/Mid Term/customers.php:68
[01-Nov-2018 20:55:31 UTC] PHP Warning:  mysqli_num_rows() expects parameter 1 to be mysqli_result, boolean given in /home/ubuntu/workspace/Mid Term/customers.php on line 20
[01-Nov-2018 20:55:31 UTC] PHP Stack trace:
[01-Nov-2018 20:55:31 UTC] PHP   1. {main}() /home/ubuntu/workspace/Mid Term/customers.php:0
[01-Nov-2018 20:55:31 UTC] PHP   2. mysqli_num_rows() /home/ubuntu/workspace/Mid Term/customers.php:20
[01-Nov-2018 20:55:35 UTC] PHP Warning:  mysqli_num_rows() expects parameter 1 to be mysqli_result, boolean given in /home/ubuntu/workspace/Mid Term/customers.php on line 20
[01-Nov-2018 20:55:35 UTC] PHP Stack trace:
[01-Nov-2018 20:55:35 UTC] PHP   1. {main}() /home/ubuntu/workspace/Mid Term/customers.php:0
[01-Nov-2018 20:55:35 UTC] PHP   2. mysqli_num_rows() /home/ubuntu/workspace/Mid Term/customers.php:20
[01-Nov-2018 20:57:05 UTC] PHP Warning:  mysqli_fetch_array() expects parameter 1 to be mysqli_result, boolean given in /home/ubuntu/workspace/Mid Term/customers.php on line 55
[01-Nov-2018 20:57:05 UTC] PHP Stack trace:
[01-Nov-2018 20:57:05 UTC] PHP   1. {main}() /home/ubuntu/workspace/Mid Term/customers.php:0
[01-Nov-2018 20:57:05 UTC] PHP   2. mysqli_fetch_array() /home/ubuntu/workspace/Mid Term/customers.php:55
[01-Nov-2018 20:57:05 UTC] PHP Warning:  mysqli_free_result() expects parameter 1 to be mysqli_result, boolean given in /home/ubuntu/workspace/Mid Term/customers.php on line 68
[01-Nov-2018 20:57:05 UTC] PHP Stack trace:
[01-Nov-2018 20:57:05 UTC] PHP   1. {main}() /home/ubuntu/workspace/Mid Term/customers.php:0
[01-Nov-2018 20:57:05 UTC] PHP   2. mysqli_free_result() /home/ubuntu/workspace/Mid Term/customers.php:68
[01-Nov-2018 20:58:12 UTC] PHP Parse error:  syntax error, unexpected end of file in /home/ubuntu/workspace/Mid Term/customers.php on line 87
[01-Nov-2018 20:58:14 UTC] PHP Parse error:  syntax error, unexpected end of file in /home/ubuntu/workspace/Mid Term/customers.php on line 87
[01-Nov-2018 20:58:20 UTC] PHP Parse error:  syntax error, unexpected end of file in /home/ubuntu/workspace/Mid Term/customers.php on line 87
[01-Nov-2018 20:58:21 UTC] PHP Parse error:  syntax error, unexpected end of file in /home/ubuntu/workspace/Mid Term/customers.php on line 87
[01-Nov-2018 20:58:24 UTC] PHP Parse error:  syntax error, unexpected end of file in /home/ubuntu/workspace/Mid Term/customers.php on line 87
[01-Nov-2018 20:59:05 UTC] PHP Warning:  mysqli_fetch_array() expects parameter 1 to be mysqli_result, boolean given in /home/ubuntu/workspace/Mid Term/customers.php on line 55
[01-Nov-2018 20:59:05 UTC] PHP Stack trace:
[01-Nov-2018 20:59:05 UTC] PHP   1. {main}() /home/ubuntu/workspace/Mid Term/customers.php:0
[01-Nov-2018 20:59:05 UTC] PHP   2. mysqli_fetch_array() /home/ubuntu/workspace/Mid Term/customers.php:55
[01-Nov-2018 20:59:05 UTC] PHP Warning:  mysqli_free_result() expects parameter 1 to be mysqli_result, boolean given in /home/ubuntu/workspace/Mid Term/customers.php on line 68
[01-Nov-2018 20:59:05 UTC] PHP Stack trace:
[01-Nov-2018 20:59:05 UTC] PHP   1. {main}() /home/ubuntu/workspace/Mid Term/customers.php:0
[01-Nov-2018 20:59:05 UTC] PHP   2. mysqli_free_result() /home/ubuntu/workspace/Mid Term/customers.php:68
[01-Nov-2018 20:59:30 UTC] PHP Warning:  mysqli_num_rows() expects parameter 1 to be mysqli_result, boolean given in /home/ubuntu/workspace/Mid Term/customers.php on line 16
[01-Nov-2018 20:59:30 UTC] PHP Stack trace:
[01-Nov-2018 20:59:30 UTC] PHP   1. {main}() /home/ubuntu/workspace/Mid Term/customers.php:0
[01-Nov-2018 20:59:30 UTC] PHP   2. mysqli_num_rows() /home/ubuntu/workspace/Mid Term/customers.php:16
[01-Nov-2018 20:59:30 UTC] PHP Warning:  mysqli_fetch_array() expects parameter 1 to be mysqli_result, boolean given in /home/ubuntu/workspace/Mid Term/customers.php on line 36
[01-Nov-2018 20:59:30 UTC] PHP Stack trace:
[01-Nov-2018 20:59:30 UTC] PHP   1. {main}() /home/ubuntu/workspace/Mid Term/customers.php:0
[01-Nov-2018 20:59:30 UTC] PHP   2. mysqli_fetch_array() /home/ubuntu/workspace/Mid Term/customers.php:36
[01-Nov-2018 20:59:30 UTC] PHP Warning:  mysqli_free_result() expects parameter 1 to be mysqli_result, boolean given in /home/ubuntu/workspace/Mid Term/customers.php on line 49
[01-Nov-2018 20:59:30 UTC] PHP Stack trace:
[01-Nov-2018 20:59:30 UTC] PHP   1. {main}() /home/ubuntu/workspace/Mid Term/customers.php:0
[01-Nov-2018 20:59:30 UTC] PHP   2. mysqli_free_result() /home/ubuntu/workspace/Mid Term/customers.php:49
[01-Nov-2018 21:00:01 UTC] PHP Parse error:  syntax error, unexpected end of file in /home/ubuntu/workspace/Mid Term/customers.php on line 85
[01-Nov-2018 21:00:09 UTC] PHP Warning:  mysqli_num_rows() expects parameter 1 to be mysqli_result, boolean given in /home/ubuntu/workspace/Mid Term/customers.php on line 16
[01-Nov-2018 21:00:09 UTC] PHP Stack trace:
[01-Nov-2018 21:00:09 UTC] PHP   1. {main}() /home/ubuntu/workspace/Mid Term/customers.php:0
[01-Nov-2018 21:00:09 UTC] PHP   2. mysqli_num_rows() /home/ubuntu/workspace/Mid Term/customers.php:16
[01-Nov-2018 21:00:09 UTC] PHP Warning:  mysqli_fetch_array() expects parameter 1 to be mysqli_result, boolean given in /home/ubuntu/workspace/Mid Term/customers.php on line 39
[01-Nov-2018 21:00:09 UTC] PHP Stack trace:
[01-Nov-2018 21:00:09 UTC] PHP   1. {main}() /home/ubuntu/workspace/Mid Term/customers.php:0
[01-Nov-2018 21:00:09 UTC] PHP   2. mysqli_fetch_array() /home/ubuntu/workspace/Mid Term/customers.php:39
[01-Nov-2018 21:00:09 UTC] PHP Warning:  mysqli_free_result() expects parameter 1 to be mysqli_result, boolean given in /home/ubuntu/workspace/Mid Term/customers.php on line 52
[01-Nov-2018 21:00:09 UTC] PHP Stack trace:
[01-Nov-2018 21:00:09 UTC] PHP   1. {main}() /home/ubuntu/workspace/Mid Term/customers.php:0
[01-Nov-2018 21:00:09 UTC] PHP   2. mysqli_free_result() /home/ubuntu/workspace/Mid Term/customers.php:52
[01-Nov-2018 21:00:51 UTC] PHP Parse error:  syntax error, unexpected end of file in /home/ubuntu/workspace/Mid Term/customers.php on line 59
[01-Nov-2018 21:01:12 UTC] PHP Warning:  mysqli_num_rows() expects parameter 1 to be mysqli_result, boolean given in /home/ubuntu/workspace/Mid Term/customers.php on line 17
[01-Nov-2018 21:01:12 UTC] PHP Stack trace:
[01-Nov-2018 21:01:12 UTC] PHP   1. {main}() /home/ubuntu/workspace/Mid Term/customers.php:0
[01-Nov-2018 21:01:12 UTC] PHP   2. mysqli_num_rows() /home/ubuntu/workspace/Mid Term/customers.php:17
[01-Nov-2018 21:02:14 UTC] PHP Warning:  mysqli_num_rows() expects parameter 1 to be mysqli_result, boolean given in /home/ubuntu/workspace/Mid Term/customers.php on line 16
[01-Nov-2018 21:02:14 UTC] PHP Stack trace:
[01-Nov-2018 21:02:14 UTC] PHP   1. {main}() /home/ubuntu/workspace/Mid Term/customers.php:0
[01-Nov-2018 21:02:14 UTC] PHP   2. mysqli_num_rows() /home/ubuntu/workspace/Mid Term/customers.php:16
[01-Nov-2018 21:10:35 UTC] PHP Parse error:  syntax error, unexpected ''</td></tr> '' (T_CONSTANT_ENCAPSED_STRING), expecting ',' or ';' in /home/ubuntu/workspace/Mid Term/customers.php on line 39
[01-Nov-2018 21:14:31 UTC] PHP Warning:  mysqli_num_rows() expects parameter 1 to be mysqli_result, boolean given in /home/ubuntu/workspace/Mid Term/Technicians.php on line 20
[01-Nov-2018 21:14:31 UTC] PHP Stack trace:
[01-Nov-2018 21:14:31 UTC] PHP   1. {main}() /home/ubuntu/workspace/Mid Term/Technicians.php:0
[01-Nov-2018 21:14:31 UTC] PHP   2. mysqli_num_rows() /home/ubuntu/workspace/Mid Term/Technicians.php:20
[01-Nov-2018 21:19:52 UTC] PHP Warning:  mysqli_num_rows() expects parameter 1 to be mysqli_result, boolean given in /home/ubuntu/workspace/Mid Term/Technicians.php on line 20
[01-Nov-2018 21:19:52 UTC] PHP Stack trace:
[01-Nov-2018 21:19:52 UTC] PHP   1. {main}() /home/ubuntu/workspace/Mid Term/Technicians.php:0
[01-Nov-2018 21:19:52 UTC] PHP   2. mysqli_num_rows() /home/ubuntu/workspace/Mid Term/Technicians.php:20
[01-Nov-2018 21:19:55 UTC] PHP Warning:  mysqli_num_rows() expects parameter 1 to be mysqli_result, boolean given in /home/ubuntu/workspace/Mid Term/Technicians.php on line 20
[01-Nov-2018 21:19:55 UTC] PHP Stack trace:
[01-Nov-2018 21:19:55 UTC] PHP   1. {main}() /home/ubuntu/workspace/Mid Term/Technicians.php:0
[01-Nov-2018 21:19:55 UTC] PHP   2. mysqli_num_rows() /home/ubuntu/workspace/Mid Term/Technicians.php:20
[01-Nov-2018 21:20:21 UTC] PHP Warning:  mysqli_num_rows() expects parameter 1 to be mysqli_result, boolean given in /home/ubuntu/workspace/Mid Term/Technicians.php on line 20
[01-Nov-2018 21:20:21 UTC] PHP Stack trace:
[01-Nov-2018 21:20:21 UTC] PHP   1. {main}() /home/ubuntu/workspace/Mid Term/Technicians.php:0
[01-Nov-2018 21:20:21 UTC] PHP   2. mysqli_num_rows() /home/ubuntu/workspace/Mid Term/Technicians.php:20
[01-Nov-2018 21:20:51 UTC] PHP Warning:  mysqli_num_rows() expects parameter 1 to be mysqli_result, boolean given in /home/ubuntu/workspace/Mid Term/Technicians.php on line 20
[01-Nov-2018 21:20:51 UTC] PHP Stack trace:
[01-Nov-2018 21:20:51 UTC] PHP   1. {main}() /home/ubuntu/workspace/Mid Term/Technicians.php:0
[01-Nov-2018 21:20:51 UTC] PHP   2. mysqli_num_rows() /home/ubuntu/workspace/Mid Term/Technicians.php:20
[01-Nov-2018 21:21:38 UTC] PHP Warning:  mysqli_num_rows() expects parameter 1 to be mysqli_result, boolean given in /home/ubuntu/workspace/Mid Term/Technicians.php on line 20
[01-Nov-2018 21:21:38 UTC] PHP Stack trace:
[01-Nov-2018 21:21:38 UTC] PHP   1. {main}() /home/ubuntu/workspace/Mid Term/Technicians.php:0
[01-Nov-2018 21:21:38 UTC] PHP   2. mysqli_num_rows() /home/ubuntu/workspace/Mid Term/Technicians.php:20
[01-Nov-2018 21:22:11 UTC] PHP Warning:  mysqli_num_rows() expects parameter 1 to be mysqli_result, boolean given in /home/ubuntu/workspace/Mid Term/Technicians.php on line 20
[01-Nov-2018 21:22:11 UTC] PHP Stack trace:
[01-Nov-2018 21:22:11 UTC] PHP   1. {main}() /home/ubuntu/workspace/Mid Term/Technicians.php:0
[01-Nov-2018 21:22:11 UTC] PHP   2. mysqli_num_rows() /home/ubuntu/workspace/Mid Term/Technicians.php:20
[01-Nov-2018 21:22:18 UTC] PHP Warning:  mysqli_num_rows() expects parameter 1 to be mysqli_result, boolean given in /home/ubuntu/workspace/Mid Term/Technicians.php on line 20
[01-Nov-2018 21:22:18 UTC] PHP Stack trace:
[01-Nov-2018 21:22:18 UTC] PHP   1. {main}() /home/ubuntu/workspace/Mid Term/Technicians.php:0
[01-Nov-2018 21:22:18 UTC] PHP   2. mysqli_num_rows() /home/ubuntu/workspace/Mid Term/Technicians.php:20
[01-Nov-2018 21:23:17 UTC] PHP Warning:  mysqli_num_rows() expects parameter 1 to be mysqli_result, boolean given in /home/ubuntu/workspace/Mid Term/Technicians.php on line 20
[01-Nov-2018 21:23:17 UTC] PHP Stack trace:
[01-Nov-2018 21:23:17 UTC] PHP   1. {main}() /home/ubuntu/workspace/Mid Term/Technicians.php:0
[01-Nov-2018 21:23:17 UTC] PHP   2. mysqli_num_rows() /home/ubuntu/workspace/Mid Term/Technicians.php:20
[01-Nov-2018 21:23:40 UTC] PHP Warning:  mysqli_num_rows() expects parameter 1 to be mysqli_result, boolean given in /home/ubuntu/workspace/Mid Term/Technicians.php on line 20
[01-Nov-2018 21:23:40 UTC] PHP Stack trace:
[01-Nov-2018 21:23:40 UTC] PHP   1. {main}() /home/ubuntu/workspace/Mid Term/Technicians.php:0
[01-Nov-2018 21:23:40 UTC] PHP   2. mysqli_num_rows() /home/ubuntu/workspace/Mid Term/Technicians.php:20
[01-Nov-2018 21:24:58 UTC] PHP Warning:  mysqli_num_rows() expects parameter 1 to be mysqli_result, boolean given in /home/ubuntu/workspace/Mid Term/Technicians.php on line 20
[01-Nov-2018 21:24:58 UTC] PHP Stack trace:
[01-Nov-2018 21:24:58 UTC] PHP   1. {main}() /home/ubuntu/workspace/Mid Term/Technicians.php:0
[01-Nov-2018 21:24:58 UTC] PHP   2. mysqli_num_rows() /home/ubuntu/workspace/Mid Term/Technicians.php:20
[01-Nov-2018 21:25:08 UTC] PHP Warning:  mysqli_num_rows() expects parameter 1 to be mysqli_result, boolean given in /home/ubuntu/workspace/Mid Term/Technicians.php on line 20
[01-Nov-2018 21:25:08 UTC] PHP Stack trace:
[01-Nov-2018 21:25:08 UTC] PHP   1. {main}() /home/ubuntu/workspace/Mid Term/Technicians.php:0
[01-Nov-2018 21:25:08 UTC] PHP   2. mysqli_num_rows() /home/ubuntu/workspace/Mid Term/Technicians.php:20
[01-Nov-2018 21:26:17 UTC] PHP Warning:  mysqli_num_rows() expects parameter 1 to be mysqli_result, boolean given in /home/ubuntu/workspace/Mid Term/Technicians.php on line 20
[01-Nov-2018 21:26:17 UTC] PHP Stack trace:
[01-Nov-2018 21:26:17 UTC] PHP   1. {main}() /home/ubuntu/workspace/Mid Term/Technicians.php:0
[01-Nov-2018 21:26:17 UTC] PHP   2. mysqli_num_rows() /home/ubuntu/workspace/Mid Term/Technicians.php:20
[01-Nov-2018 21:51:16 UTC] PHP Warning:  mysqli_num_rows() expects parameter 1 to be mysqli_result, boolean given in /home/ubuntu/workspace/Mid Term/Incidents.php on line 22
[01-Nov-2018 21:51:16 UTC] PHP Stack trace:
[01-Nov-2018 21:51:16 UTC] PHP   1. {main}() /home/ubuntu/workspace/Mid Term/Incidents.php:0
[01-Nov-2018 21:51:16 UTC] PHP   2. mysqli_num_rows() /home/ubuntu/workspace/Mid Term/Incidents.php:22
[01-Nov-2018 21:51:18 UTC] PHP Warning:  mysqli_num_rows() expects parameter 1 to be mysqli_result, boolean given in /home/ubuntu/workspace/Mid Term/Incidents.php on line 22
[01-Nov-2018 21:51:18 UTC] PHP Stack trace:
[01-Nov-2018 21:51:18 UTC] PHP   1. {main}() /home/ubuntu/workspace/Mid Term/Incidents.php:0
[01-Nov-2018 21:51:18 UTC] PHP   2. mysqli_num_rows() /home/ubuntu/workspace/Mid Term/Incidents.php:22
[01-Nov-2018 21:56:37 UTC] PHP Warning:  mysqli_num_rows() expects parameter 1 to be mysqli_result, boolean given in /home/ubuntu/workspace/Mid Term/Incidents.php on line 22
[01-Nov-2018 21:56:37 UTC] PHP Stack trace:
[01-Nov-2018 21:56:37 UTC] PHP   1. {main}() /home/ubuntu/workspace/Mid Term/Incidents.php:0
[01-Nov-2018 21:56:37 UTC] PHP   2. mysqli_num_rows() /home/ubuntu/workspace/Mid Term/Incidents.php:22
[01-Nov-2018 21:56:40 UTC] PHP Warning:  mysqli_num_rows() expects parameter 1 to be mysqli_result, boolean given in /home/ubuntu/workspace/Mid Term/Incidents.php on line 22
[01-Nov-2018 21:56:40 UTC] PHP Stack trace:
[01-Nov-2018 21:56:40 UTC] PHP   1. {main}() /home/ubuntu/workspace/Mid Term/Incidents.php:0
[01-Nov-2018 21:56:40 UTC] PHP   2. mysqli_num_rows() /home/ubuntu/workspace/Mid Term/Incidents.php:22
[01-Nov-2018 21:56:41 UTC] PHP Warning:  mysqli_num_rows() expects parameter 1 to be mysqli_result, boolean given in /home/ubuntu/workspace/Mid Term/Incidents.php on line 22
[01-Nov-2018 21:56:41 UTC] PHP Stack trace:
[01-Nov-2018 21:56:41 UTC] PHP   1. {main}() /home/ubuntu/workspace/Mid Term/Incidents.php:0
[01-Nov-2018 21:56:41 UTC] PHP   2. mysqli_num_rows() /home/ubuntu/workspace/Mid Term/Incidents.php:22
[01-Nov-2018 21:56:44 UTC] PHP Warning:  mysqli_num_rows() expects parameter 1 to be mysqli_result, boolean given in /home/ubuntu/workspace/Mid Term/Incidents.php on line 22
[01-Nov-2018 21:56:44 UTC] PHP Stack trace:
[01-Nov-2018 21:56:44 UTC] PHP   1. {main}() /home/ubuntu/workspace/Mid Term/Incidents.php:0
[01-Nov-2018 21:56:44 UTC] PHP   2. mysqli_num_rows() /home/ubuntu/workspace/Mid Term/Incidents.php:22
[01-Nov-2018 21:56:51 UTC] PHP Warning:  mysqli_num_rows() expects parameter 1 to be mysqli_result, boolean given in /home/ubuntu/workspace/Mid Term/Incidents.php on line 22
[01-Nov-2018 21:56:51 UTC] PHP Stack trace:
[01-Nov-2018 21:56:51 UTC] PHP   1. {main}() /home/ubuntu/workspace/Mid Term/Incidents.php:0
[01-Nov-2018 21:56:51 UTC] PHP   2. mysqli_num_rows() /home/ubuntu/workspace/Mid Term/Incidents.php:22
[01-Nov-2018 21:58:25 UTC] PHP Warning:  mysqli_num_rows() expects parameter 1 to be mysqli_result, boolean given in /home/ubuntu/workspace/Mid Term/Incidents.php on line 22
[01-Nov-2018 21:58:25 UTC] PHP Stack trace:
[01-Nov-2018 21:58:25 UTC] PHP   1. {main}() /home/ubuntu/workspace/Mid Term/Incidents.php:0
[01-Nov-2018 21:58:25 UTC] PHP   2. mysqli_num_rows() /home/ubuntu/workspace/Mid Term/Incidents.php:22
[01-Nov-2018 22:00:11 UTC] PHP Parse error:  syntax error, unexpected '}' in /home/ubuntu/workspace/Mid Term/Incidents.php on line 47
[01-Nov-2018 22:00:12 UTC] PHP Parse error:  syntax error, unexpected '}' in /home/ubuntu/workspace/Mid Term/Incidents.php on line 47
[01-Nov-2018 22:00:26 UTC] PHP Parse error:  syntax error, unexpected '}' in /home/ubuntu/workspace/Mid Term/Incidents.php on line 47
