[22-Sep-2018 00:46:41 UTC] PHP Warning:  require(../mysqli_connect.php): failed to open stream: No such file or directory in /home/ubuntu/workspace/Labs/Lab5/view_users.php on line 9
[22-Sep-2018 00:46:41 UTC] PHP Stack trace:
[22-Sep-2018 00:46:41 UTC] PHP   1. {main}() /home/ubuntu/workspace/Labs/Lab5/view_users.php:0
[22-Sep-2018 00:46:41 UTC] PHP Fatal error:  require(): Failed opening required '../mysqli_connect.php' (include_path='.:/usr/share/php:/usr/share/pear') in /home/ubuntu/workspace/Labs/Lab5/view_users.php on line 9
[22-Sep-2018 00:46:41 UTC] PHP Stack trace:
[22-Sep-2018 00:46:41 UTC] PHP   1. {main}() /home/ubuntu/workspace/Labs/Lab5/view_users.php:0
[22-Sep-2018 01:45:54 UTC] PHP Fatal error:  Cannot redeclare create_ad() (previously declared in /home/ubuntu/workspace/Labs/Lab5/index.php:5) in /home/ubuntu/workspace/Labs/Lab5/index.php on line 5
[22-Sep-2018 01:45:54 UTC] PHP Stack trace:
[22-Sep-2018 01:45:54 UTC] PHP   1. {main}() /home/ubuntu/workspace/Labs/Lab5/index.php:0
[22-Sep-2018 01:47:17 UTC] PHP Fatal error:  Cannot redeclare create_ad() (previously declared in /home/ubuntu/workspace/Labs/Lab5/index.php:5) in /home/ubuntu/workspace/Labs/Lab5/index.php on line 5
[22-Sep-2018 01:47:17 UTC] PHP Stack trace:
[22-Sep-2018 01:47:17 UTC] PHP   1. {main}() /home/ubuntu/workspace/Labs/Lab5/index.php:0
[22-Sep-2018 01:47:19 UTC] PHP Fatal error:  Cannot redeclare create_ad() (previously declared in /home/ubuntu/workspace/Labs/Lab5/index.php:5) in /home/ubuntu/workspace/Labs/Lab5/index.php on line 5
[22-Sep-2018 01:47:19 UTC] PHP Stack trace:
[22-Sep-2018 01:47:19 UTC] PHP   1. {main}() /home/ubuntu/workspace/Labs/Lab5/index.php:0
[22-Sep-2018 01:47:21 UTC] PHP Fatal error:  Cannot redeclare create_ad() (previously declared in /home/ubuntu/workspace/Labs/Lab5/index.php:5) in /home/ubuntu/workspace/Labs/Lab5/index.php on line 5
[22-Sep-2018 01:47:21 UTC] PHP Stack trace:
[22-Sep-2018 01:47:21 UTC] PHP   1. {main}() /home/ubuntu/workspace/Labs/Lab5/index.php:0
[03-Oct-2018 17:22:26 UTC] PHP Warning:  mysqli_num_rows() expects parameter 1 to be mysqli_result, boolean given in /home/ubuntu/workspace/Labs/Lab6/user_handle.php on line 16
[03-Oct-2018 17:22:26 UTC] PHP Stack trace:
[03-Oct-2018 17:22:26 UTC] PHP   1. {main}() /home/ubuntu/workspace/Labs/Lab6/user_handle.php:0
[03-Oct-2018 17:22:26 UTC] PHP   2. mysqli_num_rows() /home/ubuntu/workspace/Labs/Lab6/user_handle.php:16
[03-Oct-2018 17:22:28 UTC] PHP Warning:  mysqli_num_rows() expects parameter 1 to be mysqli_result, boolean given in /home/ubuntu/workspace/Labs/Lab6/user_handle.php on line 16
[03-Oct-2018 17:22:28 UTC] PHP Stack trace:
[03-Oct-2018 17:22:28 UTC] PHP   1. {main}() /home/ubuntu/workspace/Labs/Lab6/user_handle.php:0
[03-Oct-2018 17:22:28 UTC] PHP   2. mysqli_num_rows() /home/ubuntu/workspace/Labs/Lab6/user_handle.php:16
[03-Oct-2018 17:24:54 UTC] PHP Warning:  mysqli_num_rows() expects parameter 1 to be mysqli_result, boolean given in /home/ubuntu/workspace/Labs/Lab6/user_handle.php on line 16
[03-Oct-2018 17:24:54 UTC] PHP Stack trace:
[03-Oct-2018 17:24:54 UTC] PHP   1. {main}() /home/ubuntu/workspace/Labs/Lab6/user_handle.php:0
[03-Oct-2018 17:24:54 UTC] PHP   2. mysqli_num_rows() /home/ubuntu/workspace/Labs/Lab6/user_handle.php:16
[03-Oct-2018 17:24:56 UTC] PHP Warning:  mysqli_num_rows() expects parameter 1 to be mysqli_result, boolean given in /home/ubuntu/workspace/Labs/Lab6/user_handle.php on line 16
[03-Oct-2018 17:24:56 UTC] PHP Stack trace:
[03-Oct-2018 17:24:56 UTC] PHP   1. {main}() /home/ubuntu/workspace/Labs/Lab6/user_handle.php:0
[03-Oct-2018 17:24:56 UTC] PHP   2. mysqli_num_rows() /home/ubuntu/workspace/Labs/Lab6/user_handle.php:16
[03-Oct-2018 17:25:02 UTC] PHP Warning:  mysqli_num_rows() expects parameter 1 to be mysqli_result, boolean given in /home/ubuntu/workspace/Labs/Lab6/user_handle.php on line 16
[03-Oct-2018 17:25:02 UTC] PHP Stack trace:
[03-Oct-2018 17:25:02 UTC] PHP   1. {main}() /home/ubuntu/workspace/Labs/Lab6/user_handle.php:0
[03-Oct-2018 17:25:02 UTC] PHP   2. mysqli_num_rows() /home/ubuntu/workspace/Labs/Lab6/user_handle.php:16
[03-Oct-2018 17:25:02 UTC] PHP Warning:  mysqli_num_rows() expects parameter 1 to be mysqli_result, boolean given in /home/ubuntu/workspace/Labs/Lab6/user_handle.php on line 16
[03-Oct-2018 17:25:02 UTC] PHP Stack trace:
[03-Oct-2018 17:25:02 UTC] PHP   1. {main}() /home/ubuntu/workspace/Labs/Lab6/user_handle.php:0
[03-Oct-2018 17:25:02 UTC] PHP   2. mysqli_num_rows() /home/ubuntu/workspace/Labs/Lab6/user_handle.php:16
[03-Oct-2018 17:25:02 UTC] PHP Warning:  mysqli_num_rows() expects parameter 1 to be mysqli_result, boolean given in /home/ubuntu/workspace/Labs/Lab6/user_handle.php on line 16
[03-Oct-2018 17:25:02 UTC] PHP Stack trace:
[03-Oct-2018 17:25:02 UTC] PHP   1. {main}() /home/ubuntu/workspace/Labs/Lab6/user_handle.php:0
[03-Oct-2018 17:25:02 UTC] PHP   2. mysqli_num_rows() /home/ubuntu/workspace/Labs/Lab6/user_handle.php:16
[03-Oct-2018 17:25:04 UTC] PHP Warning:  mysqli_num_rows() expects parameter 1 to be mysqli_result, boolean given in /home/ubuntu/workspace/Labs/Lab6/user_handle.php on line 16
[03-Oct-2018 17:25:04 UTC] PHP Stack trace:
[03-Oct-2018 17:25:04 UTC] PHP   1. {main}() /home/ubuntu/workspace/Labs/Lab6/user_handle.php:0
[03-Oct-2018 17:25:04 UTC] PHP   2. mysqli_num_rows() /home/ubuntu/workspace/Labs/Lab6/user_handle.php:16
[03-Oct-2018 17:25:05 UTC] PHP Warning:  mysqli_num_rows() expects parameter 1 to be mysqli_result, boolean given in /home/ubuntu/workspace/Labs/Lab6/user_handle.php on line 16
[03-Oct-2018 17:25:05 UTC] PHP Stack trace:
[03-Oct-2018 17:25:05 UTC] PHP   1. {main}() /home/ubuntu/workspace/Labs/Lab6/user_handle.php:0
[03-Oct-2018 17:25:05 UTC] PHP   2. mysqli_num_rows() /home/ubuntu/workspace/Labs/Lab6/user_handle.php:16
[03-Oct-2018 17:25:07 UTC] PHP Warning:  mysqli_num_rows() expects parameter 1 to be mysqli_result, boolean given in /home/ubuntu/workspace/Labs/Lab6/user_handle.php on line 16
[03-Oct-2018 17:25:07 UTC] PHP Stack trace:
[03-Oct-2018 17:25:07 UTC] PHP   1. {main}() /home/ubuntu/workspace/Labs/Lab6/user_handle.php:0
[03-Oct-2018 17:25:07 UTC] PHP   2. mysqli_num_rows() /home/ubuntu/workspace/Labs/Lab6/user_handle.php:16
[03-Oct-2018 17:31:03 UTC] PHP Warning:  mysqli_num_rows() expects parameter 1 to be mysqli_result, boolean given in /home/ubuntu/workspace/Labs/Lab6/user_handle.php on line 16
[03-Oct-2018 17:31:03 UTC] PHP Stack trace:
[03-Oct-2018 17:31:03 UTC] PHP   1. {main}() /home/ubuntu/workspace/Labs/Lab6/user_handle.php:0
[03-Oct-2018 17:31:03 UTC] PHP   2. mysqli_num_rows() /home/ubuntu/workspace/Labs/Lab6/user_handle.php:16
[03-Oct-2018 17:31:04 UTC] PHP Warning:  mysqli_num_rows() expects parameter 1 to be mysqli_result, boolean given in /home/ubuntu/workspace/Labs/Lab6/user_handle.php on line 16
[03-Oct-2018 17:31:04 UTC] PHP Stack trace:
[03-Oct-2018 17:31:04 UTC] PHP   1. {main}() /home/ubuntu/workspace/Labs/Lab6/user_handle.php:0
[03-Oct-2018 17:31:04 UTC] PHP   2. mysqli_num_rows() /home/ubuntu/workspace/Labs/Lab6/user_handle.php:16
[03-Oct-2018 17:31:42 UTC] PHP Warning:  mysqli_num_rows() expects parameter 1 to be mysqli_result, boolean given in /home/ubuntu/workspace/Labs/Lab6/user_handle.php on line 16
[03-Oct-2018 17:31:42 UTC] PHP Stack trace:
[03-Oct-2018 17:31:42 UTC] PHP   1. {main}() /home/ubuntu/workspace/Labs/Lab6/user_handle.php:0
[03-Oct-2018 17:31:42 UTC] PHP   2. mysqli_num_rows() /home/ubuntu/workspace/Labs/Lab6/user_handle.php:16
[03-Oct-2018 17:35:08 UTC] PHP Warning:  mysqli_num_rows() expects parameter 1 to be mysqli_result, boolean given in /home/ubuntu/workspace/Labs/Lab6/user_handle.php on line 16
[03-Oct-2018 17:35:08 UTC] PHP Stack trace:
[03-Oct-2018 17:35:08 UTC] PHP   1. {main}() /home/ubuntu/workspace/Labs/Lab6/user_handle.php:0
[03-Oct-2018 17:35:08 UTC] PHP   2. mysqli_num_rows() /home/ubuntu/workspace/Labs/Lab6/user_handle.php:16
[03-Oct-2018 17:35:10 UTC] PHP Warning:  mysqli_num_rows() expects parameter 1 to be mysqli_result, boolean given in /home/ubuntu/workspace/Labs/Lab6/user_handle.php on line 16
[03-Oct-2018 17:35:10 UTC] PHP Stack trace:
[03-Oct-2018 17:35:10 UTC] PHP   1. {main}() /home/ubuntu/workspace/Labs/Lab6/user_handle.php:0
[03-Oct-2018 17:35:10 UTC] PHP   2. mysqli_num_rows() /home/ubuntu/workspace/Labs/Lab6/user_handle.php:16
[03-Oct-2018 17:41:17 UTC] PHP Parse error:  syntax error, unexpected '.' in /home/ubuntu/workspace/Labs/Lab6/user_handle.php on line 40
[03-Oct-2018 17:42:05 UTC] PHP Parse error:  syntax error, unexpected '.' in /home/ubuntu/workspace/Labs/Lab6/user_handle.php on line 40
[03-Oct-2018 17:42:06 UTC] PHP Parse error:  syntax error, unexpected '.' in /home/ubuntu/workspace/Labs/Lab6/user_handle.php on line 40
[03-Oct-2018 17:43:25 UTC] PHP Warning:  mysqli_num_rows() expects parameter 1 to be mysqli_result, boolean given in /home/ubuntu/workspace/Labs/Lab6/user_handle.php on line 22
[03-Oct-2018 17:43:25 UTC] PHP Stack trace:
[03-Oct-2018 17:43:25 UTC] PHP   1. {main}() /home/ubuntu/workspace/Labs/Lab6/user_handle.php:0
[03-Oct-2018 17:43:25 UTC] PHP   2. mysqli_num_rows() /home/ubuntu/workspace/Labs/Lab6/user_handle.php:22
[03-Oct-2018 17:46:57 UTC] PHP Parse error:  syntax error, unexpected end of file in /home/ubuntu/workspace/Labs/Lab6/user_handle.php on line 67
[03-Oct-2018 17:46:59 UTC] PHP Parse error:  syntax error, unexpected end of file in /home/ubuntu/workspace/Labs/Lab6/user_handle.php on line 67
[03-Oct-2018 17:47:49 UTC] PHP Parse error:  syntax error, unexpected end of file in /home/ubuntu/workspace/Labs/Lab6/user_handle.php on line 67
[03-Oct-2018 17:50:48 UTC] PHP Parse error:  syntax error, unexpected end of file in /home/ubuntu/workspace/Labs/Lab6/user_handle.php on line 67
[03-Oct-2018 17:50:51 UTC] PHP Parse error:  syntax error, unexpected end of file in /home/ubuntu/workspace/Labs/Lab6/user_handle.php on line 67
[03-Oct-2018 17:52:07 UTC] PHP Parse error:  syntax error, unexpected end of file in /home/ubuntu/workspace/Labs/Lab6/user_handle.php on line 67
[03-Oct-2018 17:52:10 UTC] PHP Parse error:  syntax error, unexpected end of file in /home/ubuntu/workspace/Labs/Lab6/user_handle.php on line 67
[03-Oct-2018 17:53:12 UTC] PHP Warning:  mysqli_num_rows() expects parameter 1 to be mysqli_result, boolean given in /home/ubuntu/workspace/Labs/Lab6/user_handle.php on line 22
[03-Oct-2018 17:53:12 UTC] PHP Stack trace:
[03-Oct-2018 17:53:12 UTC] PHP   1. {main}() /home/ubuntu/workspace/Labs/Lab6/user_handle.php:0
[03-Oct-2018 17:53:12 UTC] PHP   2. mysqli_num_rows() /home/ubuntu/workspace/Labs/Lab6/user_handle.php:22
[03-Oct-2018 17:53:43 UTC] PHP Warning:  mysqli_num_rows() expects parameter 1 to be mysqli_result, boolean given in /home/ubuntu/workspace/Labs/Lab6/user_handle.php on line 23
[03-Oct-2018 17:53:43 UTC] PHP Stack trace:
[03-Oct-2018 17:53:43 UTC] PHP   1. {main}() /home/ubuntu/workspace/Labs/Lab6/user_handle.php:0
[03-Oct-2018 17:53:43 UTC] PHP   2. mysqli_num_rows() /home/ubuntu/workspace/Labs/Lab6/user_handle.php:23
[03-Oct-2018 17:53:49 UTC] PHP Warning:  mysqli_num_rows() expects parameter 1 to be mysqli_result, boolean given in /home/ubuntu/workspace/Labs/Lab6/user_handle.php on line 23
[03-Oct-2018 17:53:49 UTC] PHP Stack trace:
[03-Oct-2018 17:53:49 UTC] PHP   1. {main}() /home/ubuntu/workspace/Labs/Lab6/user_handle.php:0
[03-Oct-2018 17:53:49 UTC] PHP   2. mysqli_num_rows() /home/ubuntu/workspace/Labs/Lab6/user_handle.php:23
[03-Oct-2018 17:54:31 UTC] PHP Warning:  require(../mysqli_connect.php): failed to open stream: No such file or directory in /home/ubuntu/workspace/Labs/Lab5/delete_user.php on line 20
[03-Oct-2018 17:54:31 UTC] PHP Stack trace:
[03-Oct-2018 17:54:31 UTC] PHP   1. {main}() /home/ubuntu/workspace/Labs/Lab5/delete_user.php:0
[03-Oct-2018 17:54:31 UTC] PHP Fatal error:  require(): Failed opening required '../mysqli_connect.php' (include_path='.:/usr/share/php:/usr/share/pear') in /home/ubuntu/workspace/Labs/Lab5/delete_user.php on line 20
[03-Oct-2018 17:54:31 UTC] PHP Stack trace:
[03-Oct-2018 17:54:31 UTC] PHP   1. {main}() /home/ubuntu/workspace/Labs/Lab5/delete_user.php:0
[03-Oct-2018 17:54:34 UTC] PHP Warning:  require(../mysqli_connect.php): failed to open stream: No such file or directory in /home/ubuntu/workspace/Labs/Lab5/edit_user.php on line 20
[03-Oct-2018 17:54:34 UTC] PHP Stack trace:
[03-Oct-2018 17:54:34 UTC] PHP   1. {main}() /home/ubuntu/workspace/Labs/Lab5/edit_user.php:0
[03-Oct-2018 17:54:34 UTC] PHP Fatal error:  require(): Failed opening required '../mysqli_connect.php' (include_path='.:/usr/share/php:/usr/share/pear') in /home/ubuntu/workspace/Labs/Lab5/edit_user.php on line 20
[03-Oct-2018 17:54:34 UTC] PHP Stack trace:
[03-Oct-2018 17:54:34 UTC] PHP   1. {main}() /home/ubuntu/workspace/Labs/Lab5/edit_user.php:0
[03-Oct-2018 17:56:41 UTC] PHP Parse error:  syntax error, unexpected end of file in /home/ubuntu/workspace/Labs/Lab6/user_handle.php on line 66
[03-Oct-2018 17:57:15 UTC] PHP Parse error:  syntax error, unexpected end of file in /home/ubuntu/workspace/Labs/Lab6/user_handle.php on line 66
[03-Oct-2018 17:57:18 UTC] PHP Parse error:  syntax error, unexpected end of file in /home/ubuntu/workspace/Labs/Lab6/user_handle.php on line 66
[03-Oct-2018 17:57:35 UTC] PHP Warning:  mysqli_num_rows() expects parameter 1 to be mysqli_result, boolean given in /home/ubuntu/workspace/Labs/Lab6/user_handle.php on line 17
[03-Oct-2018 17:57:35 UTC] PHP Stack trace:
[03-Oct-2018 17:57:35 UTC] PHP   1. {main}() /home/ubuntu/workspace/Labs/Lab6/user_handle.php:0
[03-Oct-2018 17:57:35 UTC] PHP   2. mysqli_num_rows() /home/ubuntu/workspace/Labs/Lab6/user_handle.php:17
[03-Oct-2018 17:58:40 UTC] PHP Parse error:  syntax error, unexpected '/' in /home/ubuntu/workspace/Labs/Lab6/user_handle.php on line 41
[03-Oct-2018 17:59:06 UTC] PHP Warning:  mysqli_num_rows() expects parameter 1 to be mysqli_result, boolean given in /home/ubuntu/workspace/Labs/Lab6/user_handle.php on line 19
[03-Oct-2018 17:59:06 UTC] PHP Stack trace:
[03-Oct-2018 17:59:06 UTC] PHP   1. {main}() /home/ubuntu/workspace/Labs/Lab6/user_handle.php:0
[03-Oct-2018 17:59:06 UTC] PHP   2. mysqli_num_rows() /home/ubuntu/workspace/Labs/Lab6/user_handle.php:19
[03-Oct-2018 17:59:13 UTC] PHP Warning:  mysqli_num_rows() expects parameter 1 to be mysqli_result, boolean given in /home/ubuntu/workspace/Labs/Lab6/user_handle.php on line 19
[03-Oct-2018 17:59:13 UTC] PHP Stack trace:
[03-Oct-2018 17:59:13 UTC] PHP   1. {main}() /home/ubuntu/workspace/Labs/Lab6/user_handle.php:0
[03-Oct-2018 17:59:13 UTC] PHP   2. mysqli_num_rows() /home/ubuntu/workspace/Labs/Lab6/user_handle.php:19
[03-Oct-2018 18:01:51 UTC] PHP Warning:  mysqli_num_rows() expects parameter 1 to be mysqli_result, boolean given in /home/ubuntu/workspace/Labs/Lab6/user_handle.php on line 19
[03-Oct-2018 18:01:51 UTC] PHP Stack trace:
[03-Oct-2018 18:01:51 UTC] PHP   1. {main}() /home/ubuntu/workspace/Labs/Lab6/user_handle.php:0
[03-Oct-2018 18:01:51 UTC] PHP   2. mysqli_num_rows() /home/ubuntu/workspace/Labs/Lab6/user_handle.php:19
[03-Oct-2018 18:05:40 UTC] PHP Warning:  mysqli_num_rows() expects parameter 1 to be mysqli_result, boolean given in /home/ubuntu/workspace/Labs/Lab6/user_handle.php on line 20
[03-Oct-2018 18:05:40 UTC] PHP Stack trace:
[03-Oct-2018 18:05:40 UTC] PHP   1. {main}() /home/ubuntu/workspace/Labs/Lab6/user_handle.php:0
[03-Oct-2018 18:05:40 UTC] PHP   2. mysqli_num_rows() /home/ubuntu/workspace/Labs/Lab6/user_handle.php:20
[03-Oct-2018 18:05:41 UTC] PHP Warning:  mysqli_num_rows() expects parameter 1 to be mysqli_result, boolean given in /home/ubuntu/workspace/Labs/Lab6/user_handle.php on line 20
[03-Oct-2018 18:05:41 UTC] PHP Stack trace:
[03-Oct-2018 18:05:41 UTC] PHP   1. {main}() /home/ubuntu/workspace/Labs/Lab6/user_handle.php:0
[03-Oct-2018 18:05:41 UTC] PHP   2. mysqli_num_rows() /home/ubuntu/workspace/Labs/Lab6/user_handle.php:20
[03-Oct-2018 18:06:17 UTC] PHP Parse error:  syntax error, unexpected '{', expecting '(' in /home/ubuntu/workspace/Labs/Lab6/user_handle.php on line 12
[03-Oct-2018 18:06:18 UTC] PHP Parse error:  syntax error, unexpected '{', expecting '(' in /home/ubuntu/workspace/Labs/Lab6/user_handle.php on line 12
[03-Oct-2018 18:07:14 UTC] PHP Parse error:  syntax error, unexpected end of file in /home/ubuntu/workspace/Labs/Lab6/user_handle.php on line 72
[03-Oct-2018 18:07:17 UTC] PHP Parse error:  syntax error, unexpected end of file in /home/ubuntu/workspace/Labs/Lab6/user_handle.php on line 72
[03-Oct-2018 18:07:43 UTC] PHP Parse error:  syntax error, unexpected end of file in /home/ubuntu/workspace/Labs/Lab6/user_handle.php on line 67
[03-Oct-2018 18:07:46 UTC] PHP Parse error:  syntax error, unexpected end of file in /home/ubuntu/workspace/Labs/Lab6/user_handle.php on line 67
[03-Oct-2018 18:08:46 UTC] PHP Parse error:  syntax error, unexpected end of file in /home/ubuntu/workspace/Labs/Lab6/user_handle.php on line 60
[03-Oct-2018 18:08:46 UTC] PHP Parse error:  syntax error, unexpected end of file in /home/ubuntu/workspace/Labs/Lab6/user_handle.php on line 60
[03-Oct-2018 18:09:00 UTC] PHP Parse error:  syntax error, unexpected end of file in /home/ubuntu/workspace/Labs/Lab6/user_handle.php on line 62
[03-Oct-2018 18:09:01 UTC] PHP Parse error:  syntax error, unexpected end of file in /home/ubuntu/workspace/Labs/Lab6/user_handle.php on line 62
[03-Oct-2018 18:09:18 UTC] PHP Parse error:  syntax error, unexpected end of file in /home/ubuntu/workspace/Labs/Lab6/user_handle.php on line 66
[03-Oct-2018 18:09:31 UTC] PHP Parse error:  syntax error, unexpected end of file in /home/ubuntu/workspace/Labs/Lab6/user_handle.php on line 70
[03-Oct-2018 18:09:32 UTC] PHP Parse error:  syntax error, unexpected end of file in /home/ubuntu/workspace/Labs/Lab6/user_handle.php on line 70
[03-Oct-2018 18:09:32 UTC] PHP Parse error:  syntax error, unexpected end of file in /home/ubuntu/workspace/Labs/Lab6/user_handle.php on line 70
[03-Oct-2018 18:09:32 UTC] PHP Parse error:  syntax error, unexpected end of file in /home/ubuntu/workspace/Labs/Lab6/user_handle.php on line 70
[03-Oct-2018 18:09:58 UTC] PHP Warning:  mysqli_num_rows() expects parameter 1 to be mysqli_result, boolean given in /home/ubuntu/workspace/Labs/Lab6/user_handle.php on line 23
[03-Oct-2018 18:09:58 UTC] PHP Stack trace:
[03-Oct-2018 18:09:58 UTC] PHP   1. {main}() /home/ubuntu/workspace/Labs/Lab6/user_handle.php:0
[03-Oct-2018 18:09:58 UTC] PHP   2. mysqli_num_rows() /home/ubuntu/workspace/Labs/Lab6/user_handle.php:23
[03-Oct-2018 18:17:34 UTC] PHP Warning:  mysqli_num_rows() expects parameter 1 to be mysqli_result, boolean given in /home/ubuntu/workspace/Labs/Lab6/user_handle.php on line 18
[03-Oct-2018 18:17:34 UTC] PHP Stack trace:
[03-Oct-2018 18:17:34 UTC] PHP   1. {main}() /home/ubuntu/workspace/Labs/Lab6/user_handle.php:0
[03-Oct-2018 18:17:34 UTC] PHP   2. mysqli_num_rows() /home/ubuntu/workspace/Labs/Lab6/user_handle.php:18
[03-Oct-2018 18:18:56 UTC] PHP Warning:  mysqli_num_rows() expects parameter 1 to be mysqli_result, boolean given in /home/ubuntu/workspace/Labs/Lab6/user_handle.php on line 18
[03-Oct-2018 18:18:56 UTC] PHP Stack trace:
[03-Oct-2018 18:18:56 UTC] PHP   1. {main}() /home/ubuntu/workspace/Labs/Lab6/user_handle.php:0
[03-Oct-2018 18:18:56 UTC] PHP   2. mysqli_num_rows() /home/ubuntu/workspace/Labs/Lab6/user_handle.php:18
[03-Oct-2018 18:18:58 UTC] PHP Warning:  mysqli_num_rows() expects parameter 1 to be mysqli_result, boolean given in /home/ubuntu/workspace/Labs/Lab6/user_handle.php on line 18
[03-Oct-2018 18:18:58 UTC] PHP Stack trace:
[03-Oct-2018 18:18:58 UTC] PHP   1. {main}() /home/ubuntu/workspace/Labs/Lab6/user_handle.php:0
[03-Oct-2018 18:18:58 UTC] PHP   2. mysqli_num_rows() /home/ubuntu/workspace/Labs/Lab6/user_handle.php:18
[03-Oct-2018 18:19:46 UTC] PHP Parse error:  syntax error, unexpected '/' in /home/ubuntu/workspace/Labs/Lab6/user_handle.php on line 41
[03-Oct-2018 18:20:11 UTC] PHP Warning:  mysqli_num_rows() expects parameter 1 to be mysqli_result, boolean given in /home/ubuntu/workspace/Labs/Lab6/user_handle.php on line 18
[03-Oct-2018 18:20:11 UTC] PHP Stack trace:
[03-Oct-2018 18:20:11 UTC] PHP   1. {main}() /home/ubuntu/workspace/Labs/Lab6/user_handle.php:0
[03-Oct-2018 18:20:11 UTC] PHP   2. mysqli_num_rows() /home/ubuntu/workspace/Labs/Lab6/user_handle.php:18
[03-Oct-2018 18:20:27 UTC] PHP Warning:  mysqli_num_rows() expects parameter 1 to be mysqli_result, boolean given in /home/ubuntu/workspace/Labs/Lab6/user_handle.php on line 18
[03-Oct-2018 18:20:27 UTC] PHP Stack trace:
[03-Oct-2018 18:20:27 UTC] PHP   1. {main}() /home/ubuntu/workspace/Labs/Lab6/user_handle.php:0
[03-Oct-2018 18:20:27 UTC] PHP   2. mysqli_num_rows() /home/ubuntu/workspace/Labs/Lab6/user_handle.php:18
[03-Oct-2018 18:24:21 UTC] PHP Warning:  mysqli_num_rows() expects parameter 1 to be mysqli_result, boolean given in /home/ubuntu/workspace/Labs/Lab6/user_handle.php on line 18
[03-Oct-2018 18:24:21 UTC] PHP Stack trace:
[03-Oct-2018 18:24:21 UTC] PHP   1. {main}() /home/ubuntu/workspace/Labs/Lab6/user_handle.php:0
[03-Oct-2018 18:24:21 UTC] PHP   2. mysqli_num_rows() /home/ubuntu/workspace/Labs/Lab6/user_handle.php:18
[03-Oct-2018 18:24:53 UTC] PHP Warning:  mysqli_num_rows() expects parameter 1 to be mysqli_result, boolean given in /home/ubuntu/workspace/Labs/Lab6/posts.php on line 30
[03-Oct-2018 18:24:53 UTC] PHP Stack trace:
[03-Oct-2018 18:24:53 UTC] PHP   1. {main}() /home/ubuntu/workspace/Labs/Lab6/posts.php:0
[03-Oct-2018 18:24:53 UTC] PHP   2. mysqli_num_rows() /home/ubuntu/workspace/Labs/Lab6/posts.php:30
[03-Oct-2018 18:26:02 UTC] PHP Warning:  mysqli_num_rows() expects parameter 1 to be mysqli_result, boolean given in /home/ubuntu/workspace/Labs/Lab6/user_handle.php on line 18
[03-Oct-2018 18:26:02 UTC] PHP Stack trace:
[03-Oct-2018 18:26:02 UTC] PHP   1. {main}() /home/ubuntu/workspace/Labs/Lab6/user_handle.php:0
[03-Oct-2018 18:26:02 UTC] PHP   2. mysqli_num_rows() /home/ubuntu/workspace/Labs/Lab6/user_handle.php:18
[03-Oct-2018 18:26:39 UTC] PHP Warning:  mysqli_num_rows() expects parameter 1 to be mysqli_result, boolean given in /home/ubuntu/workspace/Labs/Lab6/user_handle.php on line 18
[03-Oct-2018 18:26:39 UTC] PHP Stack trace:
[03-Oct-2018 18:26:39 UTC] PHP   1. {main}() /home/ubuntu/workspace/Labs/Lab6/user_handle.php:0
[03-Oct-2018 18:26:39 UTC] PHP   2. mysqli_num_rows() /home/ubuntu/workspace/Labs/Lab6/user_handle.php:18
[03-Oct-2018 18:28:03 UTC] PHP Warning:  mysqli_num_rows() expects parameter 1 to be mysqli_result, boolean given in /home/ubuntu/workspace/Labs/Lab6/user_handle.php on line 18
[03-Oct-2018 18:28:03 UTC] PHP Stack trace:
[03-Oct-2018 18:28:03 UTC] PHP   1. {main}() /home/ubuntu/workspace/Labs/Lab6/user_handle.php:0
[03-Oct-2018 18:28:03 UTC] PHP   2. mysqli_num_rows() /home/ubuntu/workspace/Labs/Lab6/user_handle.php:18
[03-Oct-2018 18:29:44 UTC] PHP Warning:  mysqli_num_rows() expects parameter 1 to be mysqli_result, boolean given in /home/ubuntu/workspace/Labs/Lab6/user_handle.php on line 18
[03-Oct-2018 18:29:44 UTC] PHP Stack trace:
[03-Oct-2018 18:29:44 UTC] PHP   1. {main}() /home/ubuntu/workspace/Labs/Lab6/user_handle.php:0
[03-Oct-2018 18:29:44 UTC] PHP   2. mysqli_num_rows() /home/ubuntu/workspace/Labs/Lab6/user_handle.php:18
[03-Oct-2018 18:29:56 UTC] PHP Warning:  mysqli_num_rows() expects parameter 1 to be mysqli_result, boolean given in /home/ubuntu/workspace/Labs/Lab6/posts.php on line 30
[03-Oct-2018 18:29:56 UTC] PHP Stack trace:
[03-Oct-2018 18:29:56 UTC] PHP   1. {main}() /home/ubuntu/workspace/Labs/Lab6/posts.php:0
[03-Oct-2018 18:29:56 UTC] PHP   2. mysqli_num_rows() /home/ubuntu/workspace/Labs/Lab6/posts.php:30
[03-Oct-2018 18:30:40 UTC] PHP Parse error:  syntax error, unexpected '$page_title' (T_VARIABLE) in /home/ubuntu/workspace/Labs/Lab6/posts.php on line 7
[03-Oct-2018 18:30:42 UTC] PHP Parse error:  syntax error, unexpected '$page_title' (T_VARIABLE) in /home/ubuntu/workspace/Labs/Lab6/posts.php on line 7
[03-Oct-2018 18:30:44 UTC] PHP Parse error:  syntax error, unexpected '$page_title' (T_VARIABLE) in /home/ubuntu/workspace/Labs/Lab6/posts.php on line 7
[03-Oct-2018 18:30:56 UTC] PHP Warning:  mysqli_num_rows() expects parameter 1 to be mysqli_result, boolean given in /home/ubuntu/workspace/Labs/Lab6/posts.php on line 30
[03-Oct-2018 18:30:56 UTC] PHP Stack trace:
[03-Oct-2018 18:30:56 UTC] PHP   1. {main}() /home/ubuntu/workspace/Labs/Lab6/posts.php:0
[03-Oct-2018 18:30:56 UTC] PHP   2. mysqli_num_rows() /home/ubuntu/workspace/Labs/Lab6/posts.php:30
[03-Oct-2018 18:33:44 UTC] PHP Warning:  mysqli_num_rows() expects parameter 1 to be mysqli_result, boolean given in /home/ubuntu/workspace/Labs/Lab6/posts.php on line 30
[03-Oct-2018 18:33:44 UTC] PHP Stack trace:
[03-Oct-2018 18:33:44 UTC] PHP   1. {main}() /home/ubuntu/workspace/Labs/Lab6/posts.php:0
[03-Oct-2018 18:33:44 UTC] PHP   2. mysqli_num_rows() /home/ubuntu/workspace/Labs/Lab6/posts.php:30
[03-Oct-2018 18:34:47 UTC] PHP Warning:  mysqli_num_rows() expects parameter 1 to be mysqli_result, boolean given in /home/ubuntu/workspace/Labs/Lab6/posts.php on line 28
[03-Oct-2018 18:34:47 UTC] PHP Stack trace:
[03-Oct-2018 18:34:47 UTC] PHP   1. {main}() /home/ubuntu/workspace/Labs/Lab6/posts.php:0
[03-Oct-2018 18:34:47 UTC] PHP   2. mysqli_num_rows() /home/ubuntu/workspace/Labs/Lab6/posts.php:28
[03-Oct-2018 18:34:52 UTC] PHP Warning:  mysqli_num_rows() expects parameter 1 to be mysqli_result, boolean given in /home/ubuntu/workspace/Labs/Lab6/posts.php on line 28
[03-Oct-2018 18:34:52 UTC] PHP Stack trace:
[03-Oct-2018 18:34:52 UTC] PHP   1. {main}() /home/ubuntu/workspace/Labs/Lab6/posts.php:0
[03-Oct-2018 18:34:52 UTC] PHP   2. mysqli_num_rows() /home/ubuntu/workspace/Labs/Lab6/posts.php:28
[03-Oct-2018 18:35:18 UTC] PHP Warning:  mysqli_num_rows() expects parameter 1 to be mysqli_result, boolean given in /home/ubuntu/workspace/Labs/Lab6/posts.php on line 28
[03-Oct-2018 18:35:18 UTC] PHP Stack trace:
[03-Oct-2018 18:35:18 UTC] PHP   1. {main}() /home/ubuntu/workspace/Labs/Lab6/posts.php:0
[03-Oct-2018 18:35:18 UTC] PHP   2. mysqli_num_rows() /home/ubuntu/workspace/Labs/Lab6/posts.php:28
[03-Oct-2018 18:37:02 UTC] PHP Warning:  mysqli_num_rows() expects parameter 1 to be mysqli_result, boolean given in /home/ubuntu/workspace/Labs/Lab6/posts.php on line 20
[03-Oct-2018 18:37:02 UTC] PHP Stack trace:
[03-Oct-2018 18:37:02 UTC] PHP   1. {main}() /home/ubuntu/workspace/Labs/Lab6/posts.php:0
[03-Oct-2018 18:37:02 UTC] PHP   2. mysqli_num_rows() /home/ubuntu/workspace/Labs/Lab6/posts.php:20
[03-Oct-2018 18:38:28 UTC] PHP Warning:  mysqli_num_rows() expects parameter 1 to be mysqli_result, boolean given in /home/ubuntu/workspace/Labs/Lab6/posts.php on line 26
[03-Oct-2018 18:38:28 UTC] PHP Stack trace:
[03-Oct-2018 18:38:28 UTC] PHP   1. {main}() /home/ubuntu/workspace/Labs/Lab6/posts.php:0
[03-Oct-2018 18:38:28 UTC] PHP   2. mysqli_num_rows() /home/ubuntu/workspace/Labs/Lab6/posts.php:26
[03-Oct-2018 18:39:02 UTC] PHP Warning:  mysqli_num_rows() expects parameter 1 to be mysqli_result, boolean given in /home/ubuntu/workspace/Labs/Lab6/posts.php on line 31
[03-Oct-2018 18:39:02 UTC] PHP Stack trace:
[03-Oct-2018 18:39:02 UTC] PHP   1. {main}() /home/ubuntu/workspace/Labs/Lab6/posts.php:0
[03-Oct-2018 18:39:02 UTC] PHP   2. mysqli_num_rows() /home/ubuntu/workspace/Labs/Lab6/posts.php:31
[03-Oct-2018 18:39:40 UTC] PHP Warning:  mysqli_num_rows() expects parameter 1 to be mysqli_result, boolean given in /home/ubuntu/workspace/Labs/Lab6/posts.php on line 31
[03-Oct-2018 18:39:40 UTC] PHP Stack trace:
[03-Oct-2018 18:39:40 UTC] PHP   1. {main}() /home/ubuntu/workspace/Labs/Lab6/posts.php:0
[03-Oct-2018 18:39:40 UTC] PHP   2. mysqli_num_rows() /home/ubuntu/workspace/Labs/Lab6/posts.php:31
[03-Oct-2018 18:39:43 UTC] PHP Warning:  mysqli_num_rows() expects parameter 1 to be mysqli_result, boolean given in /home/ubuntu/workspace/Labs/Lab6/posts.php on line 31
[03-Oct-2018 18:39:43 UTC] PHP Stack trace:
[03-Oct-2018 18:39:43 UTC] PHP   1. {main}() /home/ubuntu/workspace/Labs/Lab6/posts.php:0
[03-Oct-2018 18:39:43 UTC] PHP   2. mysqli_num_rows() /home/ubuntu/workspace/Labs/Lab6/posts.php:31
[03-Oct-2018 18:41:07 UTC] PHP Warning:  mysqli_num_rows() expects parameter 1 to be mysqli_result, boolean given in /home/ubuntu/workspace/Labs/Lab6/posts.php on line 31
[03-Oct-2018 18:41:07 UTC] PHP Stack trace:
[03-Oct-2018 18:41:07 UTC] PHP   1. {main}() /home/ubuntu/workspace/Labs/Lab6/posts.php:0
[03-Oct-2018 18:41:07 UTC] PHP   2. mysqli_num_rows() /home/ubuntu/workspace/Labs/Lab6/posts.php:31
[03-Oct-2018 18:42:38 UTC] PHP Warning:  mysqli_num_rows() expects parameter 1 to be mysqli_result, boolean given in /home/ubuntu/workspace/Labs/Lab6/posts.php on line 12
[03-Oct-2018 18:42:38 UTC] PHP Stack trace:
[03-Oct-2018 18:42:38 UTC] PHP   1. {main}() /home/ubuntu/workspace/Labs/Lab6/posts.php:0
[03-Oct-2018 18:42:38 UTC] PHP   2. mysqli_num_rows() /home/ubuntu/workspace/Labs/Lab6/posts.php:12
[03-Oct-2018 18:43:14 UTC] PHP Warning:  mysqli_num_rows() expects parameter 1 to be mysqli_result, boolean given in /home/ubuntu/workspace/Labs/Lab6/posts.php on line 12
[03-Oct-2018 18:43:14 UTC] PHP Stack trace:
[03-Oct-2018 18:43:14 UTC] PHP   1. {main}() /home/ubuntu/workspace/Labs/Lab6/posts.php:0
[03-Oct-2018 18:43:14 UTC] PHP   2. mysqli_num_rows() /home/ubuntu/workspace/Labs/Lab6/posts.php:12
[03-Oct-2018 18:43:15 UTC] PHP Warning:  mysqli_num_rows() expects parameter 1 to be mysqli_result, boolean given in /home/ubuntu/workspace/Labs/Lab6/posts.php on line 12
[03-Oct-2018 18:43:15 UTC] PHP Stack trace:
[03-Oct-2018 18:43:15 UTC] PHP   1. {main}() /home/ubuntu/workspace/Labs/Lab6/posts.php:0
[03-Oct-2018 18:43:15 UTC] PHP   2. mysqli_num_rows() /home/ubuntu/workspace/Labs/Lab6/posts.php:12
[03-Oct-2018 18:43:27 UTC] PHP Warning:  mysqli_num_rows() expects parameter 1 to be mysqli_result, boolean given in /home/ubuntu/workspace/Labs/Lab6/posts.php on line 17
[03-Oct-2018 18:43:27 UTC] PHP Stack trace:
[03-Oct-2018 18:43:27 UTC] PHP   1. {main}() /home/ubuntu/workspace/Labs/Lab6/posts.php:0
[03-Oct-2018 18:43:27 UTC] PHP   2. mysqli_num_rows() /home/ubuntu/workspace/Labs/Lab6/posts.php:17
[03-Oct-2018 18:43:34 UTC] PHP Warning:  mysqli_num_rows() expects parameter 1 to be mysqli_result, boolean given in /home/ubuntu/workspace/Labs/Lab6/posts.php on line 17
[03-Oct-2018 18:43:34 UTC] PHP Stack trace:
[03-Oct-2018 18:43:34 UTC] PHP   1. {main}() /home/ubuntu/workspace/Labs/Lab6/posts.php:0
[03-Oct-2018 18:43:34 UTC] PHP   2. mysqli_num_rows() /home/ubuntu/workspace/Labs/Lab6/posts.php:17
[03-Oct-2018 18:44:45 UTC] PHP Warning:  mysqli_num_rows() expects parameter 1 to be mysqli_result, boolean given in /home/ubuntu/workspace/Labs/Lab6/user_handle.php on line 20
[03-Oct-2018 18:44:45 UTC] PHP Stack trace:
[03-Oct-2018 18:44:45 UTC] PHP   1. {main}() /home/ubuntu/workspace/Labs/Lab6/user_handle.php:0
[03-Oct-2018 18:44:45 UTC] PHP   2. mysqli_num_rows() /home/ubuntu/workspace/Labs/Lab6/user_handle.php:20
[03-Oct-2018 18:44:52 UTC] PHP Warning:  mysqli_num_rows() expects parameter 1 to be mysqli_result, boolean given in /home/ubuntu/workspace/Labs/Lab6/user_handle.php on line 20
[03-Oct-2018 18:44:52 UTC] PHP Stack trace:
[03-Oct-2018 18:44:52 UTC] PHP   1. {main}() /home/ubuntu/workspace/Labs/Lab6/user_handle.php:0
[03-Oct-2018 18:44:52 UTC] PHP   2. mysqli_num_rows() /home/ubuntu/workspace/Labs/Lab6/user_handle.php:20
[03-Oct-2018 18:44:53 UTC] PHP Warning:  mysqli_num_rows() expects parameter 1 to be mysqli_result, boolean given in /home/ubuntu/workspace/Labs/Lab6/user_handle.php on line 20
[03-Oct-2018 18:44:53 UTC] PHP Stack trace:
[03-Oct-2018 18:44:53 UTC] PHP   1. {main}() /home/ubuntu/workspace/Labs/Lab6/user_handle.php:0
[03-Oct-2018 18:44:53 UTC] PHP   2. mysqli_num_rows() /home/ubuntu/workspace/Labs/Lab6/user_handle.php:20
[03-Oct-2018 18:45:16 UTC] PHP Warning:  mysqli_num_rows() expects parameter 1 to be mysqli_result, boolean given in /home/ubuntu/workspace/Labs/Lab6/user_handle.php on line 20
[03-Oct-2018 18:45:16 UTC] PHP Stack trace:
[03-Oct-2018 18:45:16 UTC] PHP   1. {main}() /home/ubuntu/workspace/Labs/Lab6/user_handle.php:0
[03-Oct-2018 18:45:16 UTC] PHP   2. mysqli_num_rows() /home/ubuntu/workspace/Labs/Lab6/user_handle.php:20
[03-Oct-2018 18:45:16 UTC] PHP Warning:  mysqli_num_rows() expects parameter 1 to be mysqli_result, boolean given in /home/ubuntu/workspace/Labs/Lab6/user_handle.php on line 20
[03-Oct-2018 18:45:16 UTC] PHP Stack trace:
[03-Oct-2018 18:45:16 UTC] PHP   1. {main}() /home/ubuntu/workspace/Labs/Lab6/user_handle.php:0
[03-Oct-2018 18:45:16 UTC] PHP   2. mysqli_num_rows() /home/ubuntu/workspace/Labs/Lab6/user_handle.php:20
